[      46ms] [INFO] %cDownload the React DevTools for a better development experience: https://reactjs.org/link/react-devtools font-weight:bold @ https://unpkg.com/react-dom@18.3.1/umd/react-dom.development.js:29904
[      85ms] [WARNING] You are using the in-browser Babel transformer. Be sure to precompile your scripts for production - https://babeljs.io/docs/setup/ @ https://unpkg.com/@babel/standalone@7.29.0/babel.min.js:2
[     359ms] [ERROR] Failed to load resource: the server responded with a status of 404 (Not Found) @ http://localhost:8082/favicon.ico:0
[   42858ms] [WARNING] Failed to decode downloaded font: https://cdn.jsdelivr.net/gh/orioncactus/pretendard@v1.3.9/dist/web/variable/pretendardvariable-dynamic-subset.min.css @ http://localhost:8082/index.html:0
[   42858ms] [WARNING] OTS parsing error: invalid sfntVersion: 791292426 @ http://localhost:8082/index.html:0
[   65198ms] [WARNING] Failed to decode downloaded font: https://cdn.jsdelivr.net/gh/orioncactus/pretendard@v1.3.9/dist/web/variable/pretendardvariable-dynamic-subset.min.css @ https://unpkg.com/react-dom@18.3.1/umd/react-dom.development.js:11108
[   65198ms] [WARNING] OTS parsing error: invalid sfntVersion: 791292426 @ https://unpkg.com/react-dom@18.3.1/umd/react-dom.development.js:11108
[   86843ms] ReferenceError: styleModalOpen is not defined
    at GameScreen (<anonymous>:438:7)
    at renderWithHooks (https://unpkg.com/react-dom@18.3.1/umd/react-dom.development.js:15496:20)
    at mountIndeterminateComponent (https://unpkg.com/react-dom@18.3.1/umd/react-dom.development.js:20113:15)
    at beginWork (https://unpkg.com/react-dom@18.3.1/umd/react-dom.development.js:21636:18)
    at HTMLUnknownElement.callCallback (https://unpkg.com/react-dom@18.3.1/umd/react-dom.development.js:4151:16)
    at Object.invokeGuardedCallbackDev (https://unpkg.com/react-dom@18.3.1/umd/react-dom.development.js:4200:18)
    at invokeGuardedCallback (https://unpkg.com/react-dom@18.3.1/umd/react-dom.development.js:4264:33)
    at beginWork$1 (https://unpkg.com/react-dom@18.3.1/umd/react-dom.development.js:27500:9)
    at performUnitOfWork (https://unpkg.com/react-dom@18.3.1/umd/react-dom.development.js:26609:14)
    at workLoopSync (https://unpkg.com/react-dom@18.3.1/umd/react-dom.development.js:26515:7)
    at renderRootSync (https://unpkg.com/react-dom@18.3.1/umd/react-dom.development.js:26483:9)
    at performSyncWorkOnRoot (https://unpkg.com/react-dom@18.3.1/umd/react-dom.development.js:26134:22)
    at flushSyncCallbacks (https://unpkg.com/react-dom@18.3.1/umd/react-dom.development.js:12052:24)
    at https://unpkg.com/react-dom@18.3.1/umd/react-dom.development.js:25700:15
[   86845ms] ReferenceError: styleModalOpen is not defined
    at GameScreen (<anonymous>:438:7)
    at renderWithHooks (https://unpkg.com/react-dom@18.3.1/umd/react-dom.development.js:15496:20)
    at mountIndeterminateComponent (https://unpkg.com/react-dom@18.3.1/umd/react-dom.development.js:20113:15)
    at beginWork (https://unpkg.com/react-dom@18.3.1/umd/react-dom.development.js:21636:18)
    at HTMLUnknownElement.callCallback (https://unpkg.com/react-dom@18.3.1/umd/react-dom.development.js:4151:16)
    at Object.invokeGuardedCallbackDev (https://unpkg.com/react-dom@18.3.1/umd/react-dom.development.js:4200:18)
    at invokeGuardedCallback (https://unpkg.com/react-dom@18.3.1/umd/react-dom.development.js:4264:33)
    at beginWork$1 (https://unpkg.com/react-dom@18.3.1/umd/react-dom.development.js:27500:9)
    at performUnitOfWork (https://unpkg.com/react-dom@18.3.1/umd/react-dom.development.js:26609:14)
    at workLoopSync (https://unpkg.com/react-dom@18.3.1/umd/react-dom.development.js:26515:7)
    at renderRootSync (https://unpkg.com/react-dom@18.3.1/umd/react-dom.development.js:26483:9)
    at recoverFromConcurrentError (https://unpkg.com/react-dom@18.3.1/umd/react-dom.development.js:25899:22)
    at performSyncWorkOnRoot (https://unpkg.com/react-dom@18.3.1/umd/react-dom.development.js:26145:22)
    at flushSyncCallbacks (https://unpkg.com/react-dom@18.3.1/umd/react-dom.development.js:12052:24)
    at https://unpkg.com/react-dom@18.3.1/umd/react-dom.development.js:25700:15
[   86847ms] [ERROR] The above error occurred in the <GameScreen> component:

    at GameScreen (<anonymous>:168:22)
    at div
    at div
    at App (<anonymous>:74:19)

Consider adding an error boundary to your tree to customize error handling behavior.
Visit https://reactjs.org/link/error-boundaries to learn more about error boundaries. @ https://unpkg.com/react-dom@18.3.1/umd/react-dom.development.js:18713
[   86848ms] ReferenceError: styleModalOpen is not defined
    at GameScreen (<anonymous>:438:7)
    at renderWithHooks (https://unpkg.com/react-dom@18.3.1/umd/react-dom.development.js:15496:20)
    at mountIndeterminateComponent (https://unpkg.com/react-dom@18.3.1/umd/react-dom.development.js:20113:15)
    at beginWork (https://unpkg.com/react-dom@18.3.1/umd/react-dom.development.js:21636:18)
    at beginWork$1 (https://unpkg.com/react-dom@18.3.1/umd/react-dom.development.js:27475:16)
    at performUnitOfWork (https://unpkg.com/react-dom@18.3.1/umd/react-dom.development.js:26609:14)
    at workLoopSync (https://unpkg.com/react-dom@18.3.1/umd/react-dom.development.js:26515:7)
    at renderRootSync (https://unpkg.com/react-dom@18.3.1/umd/react-dom.development.js:26483:9)
    at recoverFromConcurrentError (https://unpkg.com/react-dom@18.3.1/umd/react-dom.development.js:25899:22)
    at performSyncWorkOnRoot (https://unpkg.com/react-dom@18.3.1/umd/react-dom.development.js:26145:22)
    at flushSyncCallbacks (https://unpkg.com/react-dom@18.3.1/umd/react-dom.development.js:12052:24)
    at https://unpkg.com/react-dom@18.3.1/umd/react-dom.development.js:25700:15
[   86848ms] [WARNING] Failed to decode downloaded font: https://cdn.jsdelivr.net/gh/orioncactus/pretendard@v1.3.9/dist/web/variable/pretendardvariable-dynamic-subset.min.css @ http://localhost:8082/index.html:0
[   86848ms] [WARNING] OTS parsing error: invalid sfntVersion: 791292426 @ http://localhost:8082/index.html:0
