[      21ms] [INFO] %cDownload the React DevTools for a better development experience: https://reactjs.org/link/react-devtools font-weight:bold @ https://unpkg.com/react-dom@18.3.1/umd/react-dom.development.js:29904
[      49ms] [WARNING] Failed to decode downloaded font: https://cdn.jsdelivr.net/gh/orioncactus/pretendard@v1.3.9/dist/web/variable/pretendardvariable-dynamic-subset.min.css @ http://localhost:8080/web/index.html:62
[      50ms] [WARNING] OTS parsing error: invalid sfntVersion: 791292426 @ http://localhost:8080/web/index.html:62
[      56ms] [WARNING] You are using the in-browser Babel transformer. Be sure to precompile your scripts for production - https://babeljs.io/docs/setup/ @ https://unpkg.com/@babel/standalone@7.29.0/babel.min.js:2
[     215ms] SyntaxError: /http:/localhost:8080/web/components/screens-game.jsx: Unexpected token (343:12)

  341 |
  342 | Object.assign(window, { GameScreen });
> 343 |  GameScreen });
      |             ^
  344 |
    at e (https://unpkg.com/@babel/standalone@7.29.0/babel.min.js:3:260002)
    at r.raise (https://unpkg.com/@babel/standalone@7.29.0/babel.min.js:3:312098)
    at r.unexpected (https://unpkg.com/@babel/standalone@7.29.0/babel.min.js:3:312532)
    at r.parseExprAtom (https://unpkg.com/@babel/standalone@7.29.0/babel.min.js:3:485195)
    at r.parseExprAtom (https://unpkg.com/@babel/standalone@7.29.0/babel.min.js:3:353993)
    at r.parseExprSubscripts (https://unpkg.com/@babel/standalone@7.29.0/babel.min.js:3:477958)
    at r.parseUpdate (https://unpkg.com/@babel/standalone@7.29.0/babel.min.js:3:477579)
    at r.parseMaybeUnary (https://unpkg.com/@babel/standalone@7.29.0/babel.min.js:3:477193)
    at r.parseMaybeUnaryOrPrivate (https://unpkg.com/@babel/standalone@7.29.0/babel.min.js:3:473986)
    at r.parseExprOps (https://unpkg.com/@babel/standalone@7.29.0/babel.min.js:3:474096)
    at r.parseMaybeConditional (https://unpkg.com/@babel/standalone@7.29.0/babel.min.js:3:473566)
    at r.parseMaybeAssign (https://unpkg.com/@babel/standalone@7.29.0/babel.min.js:3:472472)
    at r.parseMaybeAssign (https://unpkg.com/@babel/standalone@7.29.0/babel.min.js:3:393896)
    at r.parseExpressionBase (https://unpkg.com/@babel/standalone@7.29.0/babel.min.js:3:471593)
    at https://unpkg.com/@babel/standalone@7.29.0/babel.min.js:3:471500
    at r.allowInAnd (https://unpkg.com/@babel/standalone@7.29.0/babel.min.js:3:505219)
    at r.parseExpression (https://unpkg.com/@babel/standalone@7.29.0/babel.min.js:3:471469)
    at r.parseStatementContent (https://unpkg.com/@babel/standalone@7.29.0/babel.min.js:3:514125)
    at r.parseStatementLike (https://unpkg.com/@babel/standalone@7.29.0/babel.min.js:3:511686)
    at r.parseStatementLike (https://unpkg.com/@babel/standalone@7.29.0/babel.min.js:3:379262)
    at r.parseModuleItem (https://unpkg.com/@babel/standalone@7.29.0/babel.min.js:3:511181)
    at r.parseBlockOrModuleBlockBody (https://unpkg.com/@babel/standalone@7.29.0/babel.min.js:3:523506)
    at r.parseBlockBody (https://unpkg.com/@babel/standalone@7.29.0/babel.min.js:3:523339)
    at r.parseProgram (https://unpkg.com/@babel/standalone@7.29.0/babel.min.js:3:508590)
    at r.parseTopLevel (https://unpkg.com/@babel/standalone@7.29.0/babel.min.js:3:507296)
    at r.parseTopLevel (https://unpkg.com/@babel/standalone@7.29.0/babel.min.js:3:397777)
    at r.parse (https://unpkg.com/@babel/standalone@7.29.0/babel.min.js:3:550298)
    at aR (https://unpkg.com/@babel/standalone@7.29.0/babel.min.js:3:550496)
    at https://unpkg.com/@babel/standalone@7.29.0/babel.min.js:3:1117838
    at Generator.<anonymous> (https://unpkg.com/@babel/standalone@7.29.0/babel.min.js:3:1068)
    at Generator.next (https://unpkg.com/@babel/standalone@7.29.0/babel.min.js:3:1898)
    at Generator.<anonymous> (https://unpkg.com/@babel/standalone@7.29.0/babel.min.js:3:826)
    at Generator.next (https://unpkg.com/@babel/standalone@7.29.0/babel.min.js:3:1898)
    at Generator.<anonymous> (https://unpkg.com/@babel/standalone@7.29.0/babel.min.js:3:826)
    at Generator.next (https://unpkg.com/@babel/standalone@7.29.0/babel.min.js:3:1898)
    at Generator.<anonymous> (https://unpkg.com/@babel/standalone@7.29.0/babel.min.js:3:826)
    at Generator.next (https://unpkg.com/@babel/standalone@7.29.0/babel.min.js:3:1898)
    at iF (https://unpkg.com/@babel/standalone@7.29.0/babel.min.js:3:945723)
    at sync (https://unpkg.com/@babel/standalone@7.29.0/babel.min.js:3:943814)
    at stopHiding - secret - don't use this - v1 (https://unpkg.com/@babel/standalone@7.29.0/babel.min.js:3:1069523)
    at SV (https://unpkg.com/@babel/standalone@7.29.0/babel.min.js:3:1126275)
    at FEe (https://unpkg.com/@babel/standalone@7.29.0/babel.min.js:3:3132179)
    at https://unpkg.com/@babel/standalone@7.29.0/babel.min.js:3:3127986
    at SEe (https://unpkg.com/@babel/standalone@7.29.0/babel.min.js:3:3128384)
    at n (https://unpkg.com/@babel/standalone@7.29.0/babel.min.js:3:3128645)
    at a (https://unpkg.com/@babel/standalone@7.29.0/babel.min.js:3:3129038)
    at d.src.i.onreadystatechange (https://unpkg.com/@babel/standalone@7.29.0/babel.min.js:3:3129295)
[    5433ms] ReferenceError: GameScreen is not defined
    at <anonymous>:321:49
    at App (<anonymous>:379:4)
    at renderWithHooks (https://unpkg.com/react-dom@18.3.1/umd/react-dom.development.js:15496:20)
    at updateFunctionComponent (https://unpkg.com/react-dom@18.3.1/umd/react-dom.development.js:19627:22)
    at beginWork (https://unpkg.com/react-dom@18.3.1/umd/react-dom.development.js:21650:18)
    at HTMLUnknownElement.callCallback (https://unpkg.com/react-dom@18.3.1/umd/react-dom.development.js:4151:16)
    at Object.invokeGuardedCallbackDev (https://unpkg.com/react-dom@18.3.1/umd/react-dom.development.js:4200:18)
    at invokeGuardedCallback (https://unpkg.com/react-dom@18.3.1/umd/react-dom.development.js:4264:33)
    at beginWork$1 (https://unpkg.com/react-dom@18.3.1/umd/react-dom.development.js:27500:9)
    at performUnitOfWork (https://unpkg.com/react-dom@18.3.1/umd/react-dom.development.js:26609:14)
    at workLoopSync (https://unpkg.com/react-dom@18.3.1/umd/react-dom.development.js:26515:7)
    at renderRootSync (https://unpkg.com/react-dom@18.3.1/umd/react-dom.development.js:26483:9)
    at performSyncWorkOnRoot (https://unpkg.com/react-dom@18.3.1/umd/react-dom.development.js:26134:22)
    at flushSyncCallbacks (https://unpkg.com/react-dom@18.3.1/umd/react-dom.development.js:12052:24)
    at https://unpkg.com/react-dom@18.3.1/umd/react-dom.development.js:25700:15
[    5434ms] ReferenceError: GameScreen is not defined
    at <anonymous>:321:49
    at App (<anonymous>:379:4)
    at renderWithHooks (https://unpkg.com/react-dom@18.3.1/umd/react-dom.development.js:15496:20)
    at updateFunctionComponent (https://unpkg.com/react-dom@18.3.1/umd/react-dom.development.js:19627:22)
    at beginWork (https://unpkg.com/react-dom@18.3.1/umd/react-dom.development.js:21650:18)
    at HTMLUnknownElement.callCallback (https://unpkg.com/react-dom@18.3.1/umd/react-dom.development.js:4151:16)
    at Object.invokeGuardedCallbackDev (https://unpkg.com/react-dom@18.3.1/umd/react-dom.development.js:4200:18)
    at invokeGuardedCallback (https://unpkg.com/react-dom@18.3.1/umd/react-dom.development.js:4264:33)
    at beginWork$1 (https://unpkg.com/react-dom@18.3.1/umd/react-dom.development.js:27500:9)
    at performUnitOfWork (https://unpkg.com/react-dom@18.3.1/umd/react-dom.development.js:26609:14)
    at workLoopSync (https://unpkg.com/react-dom@18.3.1/umd/react-dom.development.js:26515:7)
    at renderRootSync (https://unpkg.com/react-dom@18.3.1/umd/react-dom.development.js:26483:9)
    at recoverFromConcurrentError (https://unpkg.com/react-dom@18.3.1/umd/react-dom.development.js:25899:22)
    at performSyncWorkOnRoot (https://unpkg.com/react-dom@18.3.1/umd/react-dom.development.js:26145:22)
    at flushSyncCallbacks (https://unpkg.com/react-dom@18.3.1/umd/react-dom.development.js:12052:24)
    at https://unpkg.com/react-dom@18.3.1/umd/react-dom.development.js:25700:15
[    5435ms] [ERROR] The above error occurred in the <App> component:

    at App (<anonymous>:58:19)

Consider adding an error boundary to your tree to customize error handling behavior.
Visit https://reactjs.org/link/error-boundaries to learn more about error boundaries. @ https://unpkg.com/react-dom@18.3.1/umd/react-dom.development.js:18713
[    5435ms] ReferenceError: GameScreen is not defined
    at <anonymous>:321:49
    at App (<anonymous>:379:4)
    at renderWithHooks (https://unpkg.com/react-dom@18.3.1/umd/react-dom.development.js:15496:20)
    at updateFunctionComponent (https://unpkg.com/react-dom@18.3.1/umd/react-dom.development.js:19627:22)
    at beginWork (https://unpkg.com/react-dom@18.3.1/umd/react-dom.development.js:21650:18)
    at beginWork$1 (https://unpkg.com/react-dom@18.3.1/umd/react-dom.development.js:27475:16)
    at performUnitOfWork (https://unpkg.com/react-dom@18.3.1/umd/react-dom.development.js:26609:14)
    at workLoopSync (https://unpkg.com/react-dom@18.3.1/umd/react-dom.development.js:26515:7)
    at renderRootSync (https://unpkg.com/react-dom@18.3.1/umd/react-dom.development.js:26483:9)
    at recoverFromConcurrentError (https://unpkg.com/react-dom@18.3.1/umd/react-dom.development.js:25899:22)
    at performSyncWorkOnRoot (https://unpkg.com/react-dom@18.3.1/umd/react-dom.development.js:26145:22)
    at flushSyncCallbacks (https://unpkg.com/react-dom@18.3.1/umd/react-dom.development.js:12052:24)
    at https://unpkg.com/react-dom@18.3.1/umd/react-dom.development.js:25700:15
[   15648ms] [INFO] %cDownload the React DevTools for a better development experience: https://reactjs.org/link/react-devtools font-weight:bold @ https://unpkg.com/react-dom@18.3.1/umd/react-dom.development.js:29904
[   15674ms] [WARNING] Failed to decode downloaded font: https://cdn.jsdelivr.net/gh/orioncactus/pretendard@v1.3.9/dist/web/variable/pretendardvariable-dynamic-subset.min.css @ http://localhost:8080/web/index.html:62
[   15676ms] [WARNING] OTS parsing error: invalid sfntVersion: 791292426 @ http://localhost:8080/web/index.html:62
[   15682ms] [WARNING] You are using the in-browser Babel transformer. Be sure to precompile your scripts for production - https://babeljs.io/docs/setup/ @ https://unpkg.com/@babel/standalone@7.29.0/babel.min.js:2
[ 1056057ms] [INFO] %cDownload the React DevTools for a better development experience: https://reactjs.org/link/react-devtools font-weight:bold @ https://unpkg.com/react-dom@18.3.1/umd/react-dom.development.js:29904
[ 1056112ms] [WARNING] You are using the in-browser Babel transformer. Be sure to precompile your scripts for production - https://babeljs.io/docs/setup/ @ https://unpkg.com/@babel/standalone@7.29.0/babel.min.js:2
[ 1056117ms] [WARNING] Failed to decode downloaded font: https://cdn.jsdelivr.net/gh/orioncactus/pretendard@v1.3.9/dist/web/variable/pretendardvariable-dynamic-subset.min.css @ http://localhost:8080/web/index.html:0
[ 1056118ms] [WARNING] OTS parsing error: invalid sfntVersion: 791292426 @ http://localhost:8080/web/index.html:0
[ 1266847ms] [INFO] %cDownload the React DevTools for a better development experience: https://reactjs.org/link/react-devtools font-weight:bold @ https://unpkg.com/react-dom@18.3.1/umd/react-dom.development.js:29904
[ 1266905ms] [WARNING] You are using the in-browser Babel transformer. Be sure to precompile your scripts for production - https://babeljs.io/docs/setup/ @ https://unpkg.com/@babel/standalone@7.29.0/babel.min.js:2
[ 1266911ms] [WARNING] Failed to decode downloaded font: https://cdn.jsdelivr.net/gh/orioncactus/pretendard@v1.3.9/dist/web/variable/pretendardvariable-dynamic-subset.min.css @ http://localhost:8080/web/index.html:0
[ 1266912ms] [WARNING] OTS parsing error: invalid sfntVersion: 791292426 @ http://localhost:8080/web/index.html:0
[ 1841996ms] [INFO] %cDownload the React DevTools for a better development experience: https://reactjs.org/link/react-devtools font-weight:bold @ https://unpkg.com/react-dom@18.3.1/umd/react-dom.development.js:29904
[ 1842125ms] [WARNING] You are using the in-browser Babel transformer. Be sure to precompile your scripts for production - https://babeljs.io/docs/setup/ @ https://unpkg.com/@babel/standalone@7.29.0/babel.min.js:2
[ 1842252ms] [ERROR] Failed to load resource: the server responded with a status of 404 (File not found) @ http://localhost:8080/favicon.ico:0
[ 1845216ms] [INFO] %cDownload the React DevTools for a better development experience: https://reactjs.org/link/react-devtools font-weight:bold @ https://unpkg.com/react-dom@18.3.1/umd/react-dom.development.js:29904
[ 1845261ms] [WARNING] You are using the in-browser Babel transformer. Be sure to precompile your scripts for production - https://babeljs.io/docs/setup/ @ https://unpkg.com/@babel/standalone@7.29.0/babel.min.js:2
[ 1845464ms] [ERROR] Failed to load resource: the server responded with a status of 404 (File not found) @ http://localhost:8080/favicon.ico:0
