[     105ms] [INFO] %cDownload the React DevTools for a better development experience: https://reactjs.org/link/react-devtools font-weight:bold @ https://unpkg.com/react-dom@18.3.1/umd/react-dom.development.js:29904
[     320ms] [WARNING] You are using the in-browser Babel transformer. Be sure to precompile your scripts for production - https://babeljs.io/docs/setup/ @ https://unpkg.com/@babel/standalone@7.29.0/babel.min.js:2
[     326ms] [ERROR] Failed to load resource: the server responded with a status of 404 (Not Found) @ http://localhost:8081/components/apple-cell.jsx?v=3:0
[     330ms] Error: Could not load http://localhost:8081/components/apple-cell.jsx?v=3
    at XMLHttpRequest.<anonymous> (https://unpkg.com/@babel/standalone@7.29.0/babel.min.js:3:3129264)
[     328ms] [ERROR] Failed to load resource: the server responded with a status of 404 (Not Found) @ http://localhost:8081/components/screens-main.jsx?v=3:0
[     331ms] Error: Could not load http://localhost:8081/components/screens-main.jsx?v=3
    at XMLHttpRequest.<anonymous> (https://unpkg.com/@babel/standalone@7.29.0/babel.min.js:3:3129264)
[     329ms] [ERROR] Failed to load resource: the server responded with a status of 404 (Not Found) @ http://localhost:8081/components/screens-settings.jsx?v=3:0
[     331ms] Error: Could not load http://localhost:8081/components/screens-settings.jsx?v=3
    at XMLHttpRequest.<anonymous> (https://unpkg.com/@babel/standalone@7.29.0/babel.min.js:3:3129264)
[     330ms] [ERROR] Failed to load resource: the server responded with a status of 404 (Not Found) @ http://localhost:8081/components/screens-game.jsx?v=3:0
[     331ms] Error: Could not load http://localhost:8081/components/screens-game.jsx?v=3
    at XMLHttpRequest.<anonymous> (https://unpkg.com/@babel/standalone@7.29.0/babel.min.js:3:3129264)
[     331ms] [ERROR] Failed to load resource: the server responded with a status of 404 (Not Found) @ http://localhost:8081/components/screens-result.jsx?v=3:0
[     332ms] Error: Could not load http://localhost:8081/components/screens-result.jsx?v=3
    at XMLHttpRequest.<anonymous> (https://unpkg.com/@babel/standalone@7.29.0/babel.min.js:3:3129264)
[     331ms] [ERROR] Failed to load resource: the server responded with a status of 404 (Not Found) @ http://localhost:8081/app.jsx?v=3:0
[     332ms] Error: Could not load http://localhost:8081/app.jsx?v=3
    at XMLHttpRequest.<anonymous> (https://unpkg.com/@babel/standalone@7.29.0/babel.min.js:3:3129264)
[     332ms] [ERROR] Failed to load resource: the server responded with a status of 404 (Not Found) @ http://localhost:8081/favicon.ico:0
